<?xml version="1.0" encoding="UTF-8"?>
<testng-results skipped="0" failed="0" ignored="0" total="1" passed="1">
  <reporter-output>
  </reporter-output>
  <suite name="Regression Suite" duration-ms="22496" started-at="2022-01-23T16:39:12 EET" finished-at="2022-01-23T16:39:35 EET">
    <groups>
    </groups>
    <test name="Regression" duration-ms="22496" started-at="2022-01-23T16:39:12 EET" finished-at="2022-01-23T16:39:35 EET">
      <class name="tests.LoginTest">
        <test-method status="PASS" signature="beforeActions()[pri:0, instance:tests.LoginTest@11acdc30]" name="beforeActions" is-config="true" duration-ms="11183" started-at="2022-01-23T16:39:12 EET" finished-at="2022-01-23T16:39:23 EET">
          <reporter-output>
          </reporter-output>
        </test-method> <!-- beforeActions -->
        <test-method status="PASS" signature="testLogin()[pri:0, instance:tests.LoginTest@11acdc30]" name="testLogin" duration-ms="11165" started-at="2022-01-23T16:39:23 EET" finished-at="2022-01-23T16:39:35 EET">
          <reporter-output>
          </reporter-output>
        </test-method> <!-- testLogin -->
        <test-method status="PASS" signature="afterClass()[pri:0, instance:tests.LoginTest@11acdc30]" name="afterClass" is-config="true" duration-ms="111" started-at="2022-01-23T16:39:40 EET" finished-at="2022-01-23T16:39:40 EET">
          <reporter-output>
          </reporter-output>
        </test-method> <!-- afterClass -->
      </class> <!-- tests.LoginTest -->
    </test> <!-- Regression -->
  </suite> <!-- Regression Suite -->
</testng-results>
